[04/22/18 06:10:06 INFO] Register hook 'declareOpts' from hooks/sentencepiece
[04/22/18 06:10:06 INFO] Register hook 'tokenize' from hooks/sentencepiece
[04/22/18 06:10:06 INFO] Register hook 'hookName' from hooks/sentencepiece
[04/22/18 06:10:06 INFO] Register hook 'detokenize' from hooks/sentencepiece
[04/22/18 06:10:06 INFO] Using on-the-fly 'aggressive' tokenization for input 1
[04/22/18 06:10:06 INFO] Using on-the-fly 'aggressive' tokenization for input 2
[04/22/18 06:10:06 INFO] Register hook 'declareOpts' from hooks/sentencepiece
[04/22/18 06:10:06 INFO] Register hook 'tokenize' from hooks/sentencepiece
[04/22/18 06:10:06 INFO] Register hook 'hookName' from hooks/sentencepiece
[04/22/18 06:10:06 INFO] Register hook 'detokenize' from hooks/sentencepiece
[04/22/18 06:10:06 INFO] Preparing vocabulary...
[04/22/18 06:10:06 INFO]  * Building source vocabularies...
[04/22/18 06:10:08 INFO]  * Created word dictionary of size 6442 (pruned from 6442)
[04/22/18 06:10:08 INFO] 
[04/22/18 06:10:08 INFO]  * Building target vocabularies...
[04/22/18 06:10:10 INFO]  * Created word dictionary of size 4713 (pruned from 4713)
[04/22/18 06:10:10 INFO] 
[04/22/18 06:10:10 INFO] Preparing training data...
[04/22/18 06:10:10 INFO] --- Preparing train sample
[04/22/18 06:10:55 INFO]  * [-] file '/data/kftt-data-1.0/data/sp/kyoto-train.ja.100k.tok' (): 100000 total, 100000 drawn, 41966 kept - unknown words: source = 2.5%, target = 42.6%
[04/22/18 06:10:55 INFO] ... shuffling sentences
[04/22/18 06:10:55 INFO] ... sorting sentences by size
[04/22/18 06:10:56 INFO] Prepared 41966 sentences:
[04/22/18 06:10:56 INFO]  * 58034 sequences not validated (length, other)
[04/22/18 06:10:56 INFO]  * average sequence length: source = 18.5, target = 28.0
[04/22/18 06:10:56 INFO]  * source sentence length (range of 10): [ 10% ; 14% ; 16% ; 15% ; 12% ; 9% ; 6% ; 4% ; 3% ; 6% ]
[04/22/18 06:10:56 INFO]  * target sentence length (range of 10): [ 5% ; 6% ; 8% ; 10% ; 10% ; 9% ; 8% ; 7% ; 6% ; 25% ]
[04/22/18 06:10:56 INFO] 
[04/22/18 06:10:56 INFO] 
[04/22/18 06:10:56 INFO] Preparing validation data...
[04/22/18 06:10:56 INFO] --- Preparing valid sample
[04/22/18 06:10:56 INFO]  * [-] file '/data/kftt-data-1.0/data/sp/kyoto-dev.ja.tok' (): 1166 total, 1166 drawn, 635 kept - unknown words: source = 2.3%, target = 40.6%
[04/22/18 06:10:56 INFO] ... shuffling sentences
[04/22/18 06:10:56 INFO] ... sorting sentences by size
[04/22/18 06:10:56 INFO] Prepared 635 sentences:
[04/22/18 06:10:56 INFO]  * 531 sequences not validated (length, other)
[04/22/18 06:10:56 INFO]  * average sequence length: source = 15.8, target = 22.4
[04/22/18 06:10:56 INFO]  * source sentence length (range of 10): [ 22% ; 12% ; 16% ; 11% ; 10% ; 6% ; 5% ; 4% ; 2% ; 7% ]
[04/22/18 06:10:56 INFO]  * target sentence length (range of 10): [ 11% ; 14% ; 11% ; 8% ; 7% ; 7% ; 6% ; 6% ; 4% ; 21% ]
[04/22/18 06:10:56 INFO] 
[04/22/18 06:10:56 INFO] 
[04/22/18 06:10:56 INFO] Saving source vocabulary to '/data/kyoto-train.100k.src.dict'...
[04/22/18 06:10:56 INFO] Saving target vocabulary to '/data/kyoto-train.100k.tgt.dict'...
[04/22/18 06:10:56 INFO] Saving data to '/data/kyoto-train.100k-train.t7'...
