[04/20/18 21:38:49 INFO] Training Sequence to Sequence with Attention model...
[04/20/18 21:38:49 INFO] Loading data from '/data/kyoto-train.100k-train.t7'...
[04/20/18 21:38:51 INFO]  * vocabulary size: source = 8257; target = 8777
[04/20/18 21:38:51 INFO]  * additional features: source = 0; target = 0
[04/20/18 21:38:51 INFO]  * maximum sequence length: source = 50; target = 51
[04/20/18 21:38:51 INFO]  * number of training sentences: 45348
[04/20/18 21:38:51 INFO]  * number of batches: 532
[04/20/18 21:38:51 INFO]    - source sequence lengths: equal
[04/20/18 21:38:51 INFO]    - maximum size: 160 sentences / 1800 tokens
[04/20/18 21:38:51 INFO]    - average size: 85.24
[04/20/18 21:38:51 INFO]    - capacity: 100.00%
[04/20/18 21:38:51 INFO] Building model...
[04/20/18 21:38:51 INFO]  * Encoder:
[04/20/18 21:38:52 INFO]    - word embeddings size: 500
[04/20/18 21:38:52 INFO]    - type: unidirectional RNN
[04/20/18 21:38:52 INFO]    - structure: cell = LSTM; layers = 2; rnn_size = 500; dropout = 0.3 (naive)
[04/20/18 21:38:52 INFO]  * Decoder:
[04/20/18 21:38:52 INFO]    - word embeddings size: 500
[04/20/18 21:38:52 INFO]    - attention: global (general)
[04/20/18 21:38:52 INFO]    - structure: cell = LSTM; layers = 2; rnn_size = 500; dropout = 0.3 (naive)
[04/20/18 21:38:52 INFO]  * Bridge: copy
[04/20/18 21:38:52 INFO] Initializing parameters...
[04/20/18 21:38:53 INFO]  * number of parameters: 22680277
[04/20/18 21:38:53 INFO] Preparing memory optimization...
[04/20/18 21:38:53 INFO]  * sharing 69% of output/gradInput tensors memory between clones
[04/20/18 21:38:53 INFO] Preallocating memory
[04/21/18 07:05:13 INFO] Training Sequence to Sequence with Attention model...
[04/21/18 07:05:13 INFO] Loading data from '/data/kyoto-train.100k-train.t7'...
[04/21/18 07:05:15 INFO]  * vocabulary size: source = 8257; target = 8777
[04/21/18 07:05:15 INFO]  * additional features: source = 0; target = 0
[04/21/18 07:05:15 INFO]  * maximum sequence length: source = 50; target = 51
[04/21/18 07:05:15 INFO]  * number of training sentences: 45348
[04/21/18 07:05:15 INFO]  * number of batches: 532
[04/21/18 07:05:15 INFO]    - source sequence lengths: equal
[04/21/18 07:05:15 INFO]    - maximum size: 160 sentences / 1800 tokens
[04/21/18 07:05:15 INFO]    - average size: 85.24
[04/21/18 07:05:15 INFO]    - capacity: 100.00%
[04/21/18 07:05:15 INFO] Building model...
[04/21/18 07:05:15 INFO]  * Encoder:
[04/21/18 07:05:15 INFO]    - word embeddings size: 500
[04/21/18 07:05:15 INFO]    - type: unidirectional RNN
[04/21/18 07:05:15 INFO]    - structure: cell = LSTM; layers = 2; rnn_size = 500; dropout = 0.3 (naive)
[04/21/18 07:05:15 INFO]  * Decoder:
[04/21/18 07:05:16 INFO]    - word embeddings size: 500
[04/21/18 07:05:16 INFO]    - attention: global (general)
[04/21/18 07:05:16 INFO]    - structure: cell = LSTM; layers = 2; rnn_size = 500; dropout = 0.3 (naive)
[04/21/18 07:05:16 INFO]  * Bridge: copy
[04/21/18 07:05:16 INFO] Initializing parameters...
[04/21/18 07:05:17 INFO]  * number of parameters: 22680277
[04/21/18 07:05:17 INFO] Preparing memory optimization...
[04/21/18 07:05:17 INFO]  * sharing 69% of output/gradInput tensors memory between clones
[04/21/18 07:05:17 INFO] Preallocating memory
[04/21/18 07:05:33 INFO] Start training from epoch 1 to 13...
[04/21/18 07:05:33 INFO] 
[04/21/18 07:13:32 INFO] Epoch 1 ; Iteration 50/532 ; Optim SGD LR 1.000000 ; Source tokens/s 168 ; Perplexity 34316.58
[04/21/18 07:20:40 INFO] Epoch 1 ; Iteration 100/532 ; Optim SGD LR 1.000000 ; Source tokens/s 189 ; Perplexity 2336.38
[04/21/18 07:27:37 INFO] Epoch 1 ; Iteration 150/532 ; Optim SGD LR 1.000000 ; Source tokens/s 189 ; Perplexity 168.62
[04/21/18 07:34:45 INFO] Epoch 1 ; Iteration 200/532 ; Optim SGD LR 1.000000 ; Source tokens/s 174 ; Perplexity 49.17
[04/21/18 07:41:58 INFO] Epoch 1 ; Iteration 250/532 ; Optim SGD LR 1.000000 ; Source tokens/s 181 ; Perplexity 32.62
[04/21/18 07:49:59 INFO] Epoch 1 ; Iteration 300/532 ; Optim SGD LR 1.000000 ; Source tokens/s 154 ; Perplexity 25.45
[04/21/18 07:58:09 INFO] Epoch 1 ; Iteration 350/532 ; Optim SGD LR 1.000000 ; Source tokens/s 155 ; Perplexity 20.79
[04/21/18 08:06:24 INFO] Epoch 1 ; Iteration 400/532 ; Optim SGD LR 1.000000 ; Source tokens/s 151 ; Perplexity 20.69
[04/21/18 08:17:22 INFO] Epoch 1 ; Iteration 450/532 ; Optim SGD LR 1.000000 ; Source tokens/s 127 ; Perplexity 17.50
[04/21/18 08:26:06 INFO] Epoch 1 ; Iteration 500/532 ; Optim SGD LR 1.000000 ; Source tokens/s 156 ; Perplexity 16.82
[04/21/18 08:31:53 INFO] Epoch 1 ; Iteration 532/532 ; Optim SGD LR 1.000000 ; Source tokens/s 143 ; Perplexity 16.05
[04/21/18 08:31:53 INFO] Evaluating on the validation dataset...
[04/21/18 08:32:37 INFO] Validation perplexity: 39.74
[04/21/18 08:32:37 INFO] Saving checkpoint to '/data/kyoto-100k-model_epoch1_39.74.t7'...
[04/21/18 08:32:40 INFO] 
[04/21/18 08:41:00 INFO] Epoch 2 ; Iteration 50/532 ; Optim SGD LR 1.000000 ; Source tokens/s 159 ; Perplexity 15.31
[04/21/18 08:51:22 INFO] Epoch 2 ; Iteration 100/532 ; Optim SGD LR 1.000000 ; Source tokens/s 130 ; Perplexity 14.59
[04/21/18 09:02:59 INFO] Epoch 2 ; Iteration 150/532 ; Optim SGD LR 1.000000 ; Source tokens/s 109 ; Perplexity 13.96
[04/21/18 09:11:27 INFO] Epoch 2 ; Iteration 200/532 ; Optim SGD LR 1.000000 ; Source tokens/s 160 ; Perplexity 14.02
[04/21/18 09:18:45 INFO] Epoch 2 ; Iteration 250/532 ; Optim SGD LR 1.000000 ; Source tokens/s 181 ; Perplexity 13.38
[04/21/18 09:25:45 INFO] Epoch 2 ; Iteration 300/532 ; Optim SGD LR 1.000000 ; Source tokens/s 177 ; Perplexity 12.74
[04/21/18 09:33:36 INFO] Epoch 2 ; Iteration 350/532 ; Optim SGD LR 1.000000 ; Source tokens/s 163 ; Perplexity 12.64
[04/21/18 09:41:46 INFO] Epoch 2 ; Iteration 400/532 ; Optim SGD LR 1.000000 ; Source tokens/s 153 ; Perplexity 12.39
[04/21/18 09:49:44 INFO] Epoch 2 ; Iteration 450/532 ; Optim SGD LR 1.000000 ; Source tokens/s 163 ; Perplexity 11.49
[04/21/18 09:58:26 INFO] Epoch 2 ; Iteration 500/532 ; Optim SGD LR 1.000000 ; Source tokens/s 150 ; Perplexity 11.58
[04/21/18 10:03:49 INFO] Epoch 2 ; Iteration 532/532 ; Optim SGD LR 1.000000 ; Source tokens/s 166 ; Perplexity 11.42
[04/21/18 10:03:49 INFO] Evaluating on the validation dataset...
[04/21/18 10:04:38 INFO] Validation perplexity: 22.62
[04/21/18 10:04:38 INFO] Saving checkpoint to '/data/kyoto-100k-model_epoch2_22.62.t7'...
[04/21/18 10:04:42 INFO] 
[04/21/18 10:12:24 INFO] Epoch 3 ; Iteration 50/532 ; Optim SGD LR 1.000000 ; Source tokens/s 174 ; Perplexity 11.14
[04/21/18 10:19:21 INFO] Epoch 3 ; Iteration 100/532 ; Optim SGD LR 1.000000 ; Source tokens/s 192 ; Perplexity 11.01
[04/21/18 10:26:10 INFO] Epoch 3 ; Iteration 150/532 ; Optim SGD LR 1.000000 ; Source tokens/s 188 ; Perplexity 11.09
[04/21/18 10:33:55 INFO] Epoch 3 ; Iteration 200/532 ; Optim SGD LR 1.000000 ; Source tokens/s 165 ; Perplexity 10.59
[04/21/18 10:41:25 INFO] Epoch 3 ; Iteration 250/532 ; Optim SGD LR 1.000000 ; Source tokens/s 183 ; Perplexity 10.36
[04/21/18 10:48:38 INFO] Epoch 3 ; Iteration 300/532 ; Optim SGD LR 1.000000 ; Source tokens/s 180 ; Perplexity 10.21
[04/21/18 10:55:13 INFO] Epoch 3 ; Iteration 350/532 ; Optim SGD LR 1.000000 ; Source tokens/s 183 ; Perplexity 10.10
[04/21/18 11:01:44 INFO] Epoch 3 ; Iteration 400/532 ; Optim SGD LR 1.000000 ; Source tokens/s 186 ; Perplexity 10.31
[04/21/18 11:07:47 INFO] Epoch 3 ; Iteration 450/532 ; Optim SGD LR 1.000000 ; Source tokens/s 228 ; Perplexity 10.37
[04/21/18 11:14:20 INFO] Epoch 3 ; Iteration 500/532 ; Optim SGD LR 1.000000 ; Source tokens/s 193 ; Perplexity 10.48
[04/21/18 11:18:52 INFO] Epoch 3 ; Iteration 532/532 ; Optim SGD LR 1.000000 ; Source tokens/s 204 ; Perplexity 10.30
[04/21/18 11:18:52 INFO] Evaluating on the validation dataset...
[04/21/18 11:19:28 INFO] Validation perplexity: 52.87
[04/21/18 11:19:28 INFO] Saving checkpoint to '/data/kyoto-100k-model_epoch3_52.87.t7'...
[04/21/18 11:19:31 INFO] 
[04/21/18 11:27:09 INFO] Epoch 4 ; Iteration 50/532 ; Optim SGD LR 0.700000 ; Source tokens/s 180 ; Perplexity 8.13
[04/21/18 11:33:51 INFO] Epoch 4 ; Iteration 100/532 ; Optim SGD LR 0.700000 ; Source tokens/s 187 ; Perplexity 7.96
[04/21/18 11:41:06 INFO] Epoch 4 ; Iteration 150/532 ; Optim SGD LR 0.700000 ; Source tokens/s 180 ; Perplexity 7.93
[04/21/18 11:48:38 INFO] Epoch 4 ; Iteration 200/532 ; Optim SGD LR 0.700000 ; Source tokens/s 176 ; Perplexity 7.80
[04/21/18 11:55:42 INFO] Epoch 4 ; Iteration 250/532 ; Optim SGD LR 0.700000 ; Source tokens/s 194 ; Perplexity 7.69
[04/21/18 12:02:24 INFO] Epoch 4 ; Iteration 300/532 ; Optim SGD LR 0.700000 ; Source tokens/s 195 ; Perplexity 7.65
[04/21/18 12:09:34 INFO] Epoch 4 ; Iteration 350/532 ; Optim SGD LR 0.700000 ; Source tokens/s 178 ; Perplexity 7.59
[04/21/18 12:16:17 INFO] Epoch 4 ; Iteration 400/532 ; Optim SGD LR 0.700000 ; Source tokens/s 194 ; Perplexity 7.45
[04/21/18 12:23:34 INFO] Epoch 4 ; Iteration 450/532 ; Optim SGD LR 0.700000 ; Source tokens/s 176 ; Perplexity 7.53
[04/21/18 12:30:00 INFO] Epoch 4 ; Iteration 500/532 ; Optim SGD LR 0.700000 ; Source tokens/s 181 ; Perplexity 7.38
[04/21/18 12:34:03 INFO] Epoch 4 ; Iteration 532/532 ; Optim SGD LR 0.700000 ; Source tokens/s 228 ; Perplexity 7.58
[04/21/18 12:34:03 INFO] Evaluating on the validation dataset...
[04/21/18 12:34:35 INFO] Validation perplexity: 37.57
[04/21/18 12:34:35 INFO] Saving checkpoint to '/data/kyoto-100k-model_epoch4_37.57.t7'...
[04/21/18 12:34:36 INFO] 
[04/21/18 12:40:56 INFO] Epoch 5 ; Iteration 50/532 ; Optim SGD LR 0.490000 ; Source tokens/s 214 ; Perplexity 6.69
[04/21/18 12:47:28 INFO] Epoch 5 ; Iteration 100/532 ; Optim SGD LR 0.490000 ; Source tokens/s 205 ; Perplexity 6.64
[04/21/18 12:54:56 INFO] Epoch 5 ; Iteration 150/532 ; Optim SGD LR 0.490000 ; Source tokens/s 176 ; Perplexity 6.45
[04/21/18 13:12:15 INFO] Epoch 5 ; Iteration 200/532 ; Optim SGD LR 0.490000 ; Source tokens/s 71 ; Perplexity 6.63
[04/21/18 13:26:19 INFO] Epoch 5 ; Iteration 250/532 ; Optim SGD LR 0.490000 ; Source tokens/s 91 ; Perplexity 6.68
[04/21/18 13:34:28 INFO] Epoch 5 ; Iteration 300/532 ; Optim SGD LR 0.490000 ; Source tokens/s 156 ; Perplexity 6.39
[04/21/18 13:41:29 INFO] Epoch 5 ; Iteration 350/532 ; Optim SGD LR 0.490000 ; Source tokens/s 193 ; Perplexity 6.50
[04/21/18 13:48:24 INFO] Epoch 5 ; Iteration 400/532 ; Optim SGD LR 0.490000 ; Source tokens/s 189 ; Perplexity 6.23
[04/21/18 13:55:06 INFO] Epoch 5 ; Iteration 450/532 ; Optim SGD LR 0.490000 ; Source tokens/s 196 ; Perplexity 6.47
[04/21/18 14:02:18 INFO] Epoch 5 ; Iteration 500/532 ; Optim SGD LR 0.490000 ; Source tokens/s 176 ; Perplexity 6.38
[04/21/18 14:06:11 INFO] Epoch 5 ; Iteration 532/532 ; Optim SGD LR 0.490000 ; Source tokens/s 217 ; Perplexity 6.21
[04/21/18 14:06:11 INFO] Evaluating on the validation dataset...
[04/21/18 14:06:51 INFO] Validation perplexity: 22.68
[04/21/18 14:06:51 INFO] Saving checkpoint to '/data/kyoto-100k-model_epoch5_22.68.t7'...
[04/21/18 14:06:54 INFO] 
[04/21/18 14:13:54 INFO] Epoch 6 ; Iteration 50/532 ; Optim SGD LR 0.343000 ; Source tokens/s 187 ; Perplexity 6.02
[04/21/18 14:20:11 INFO] Epoch 6 ; Iteration 100/532 ; Optim SGD LR 0.343000 ; Source tokens/s 203 ; Perplexity 5.93
[04/21/18 14:27:45 INFO] Epoch 6 ; Iteration 150/532 ; Optim SGD LR 0.343000 ; Source tokens/s 175 ; Perplexity 5.86
[04/21/18 14:34:38 INFO] Epoch 6 ; Iteration 200/532 ; Optim SGD LR 0.343000 ; Source tokens/s 191 ; Perplexity 5.76
[04/21/18 14:42:08 INFO] Epoch 6 ; Iteration 250/532 ; Optim SGD LR 0.343000 ; Source tokens/s 169 ; Perplexity 5.98
[04/21/18 14:48:51 INFO] Epoch 6 ; Iteration 300/532 ; Optim SGD LR 0.343000 ; Source tokens/s 183 ; Perplexity 5.87
[04/21/18 14:55:33 INFO] Epoch 6 ; Iteration 350/532 ; Optim SGD LR 0.343000 ; Source tokens/s 205 ; Perplexity 5.75
[04/21/18 15:02:33 INFO] Epoch 6 ; Iteration 400/532 ; Optim SGD LR 0.343000 ; Source tokens/s 192 ; Perplexity 5.89
[04/21/18 15:09:02 INFO] Epoch 6 ; Iteration 450/532 ; Optim SGD LR 0.343000 ; Source tokens/s 190 ; Perplexity 5.85
[04/21/18 15:15:39 INFO] Epoch 6 ; Iteration 500/532 ; Optim SGD LR 0.343000 ; Source tokens/s 197 ; Perplexity 5.78
[04/21/18 15:19:57 INFO] Epoch 6 ; Iteration 532/532 ; Optim SGD LR 0.343000 ; Source tokens/s 209 ; Perplexity 5.66
[04/21/18 15:19:57 INFO] Evaluating on the validation dataset...
[04/21/18 15:20:33 INFO] Validation perplexity: 19.26
[04/21/18 15:20:33 INFO] Saving checkpoint to '/data/kyoto-100k-model_epoch6_19.26.t7'...
[04/21/18 15:20:36 INFO] 
[04/21/18 15:27:37 INFO] Epoch 7 ; Iteration 50/532 ; Optim SGD LR 0.240100 ; Source tokens/s 190 ; Perplexity 5.53
[04/21/18 15:34:33 INFO] Epoch 7 ; Iteration 100/532 ; Optim SGD LR 0.240100 ; Source tokens/s 197 ; Perplexity 5.61
[04/21/18 15:41:04 INFO] Epoch 7 ; Iteration 150/532 ; Optim SGD LR 0.240100 ; Source tokens/s 198 ; Perplexity 5.63
[04/21/18 15:47:43 INFO] Epoch 7 ; Iteration 200/532 ; Optim SGD LR 0.240100 ; Source tokens/s 197 ; Perplexity 5.55
[04/21/18 15:54:29 INFO] Epoch 7 ; Iteration 250/532 ; Optim SGD LR 0.240100 ; Source tokens/s 191 ; Perplexity 5.60
[04/21/18 16:01:28 INFO] Epoch 7 ; Iteration 300/532 ; Optim SGD LR 0.240100 ; Source tokens/s 186 ; Perplexity 5.53
[04/21/18 16:08:14 INFO] Epoch 7 ; Iteration 350/532 ; Optim SGD LR 0.240100 ; Source tokens/s 187 ; Perplexity 5.49
[04/21/18 16:14:49 INFO] Epoch 7 ; Iteration 400/532 ; Optim SGD LR 0.240100 ; Source tokens/s 209 ; Perplexity 5.47
[04/21/18 16:21:54 INFO] Epoch 7 ; Iteration 450/532 ; Optim SGD LR 0.240100 ; Source tokens/s 176 ; Perplexity 5.66
[04/21/18 16:28:42 INFO] Epoch 7 ; Iteration 500/532 ; Optim SGD LR 0.240100 ; Source tokens/s 188 ; Perplexity 5.55
[04/21/18 16:32:55 INFO] Epoch 7 ; Iteration 532/532 ; Optim SGD LR 0.240100 ; Source tokens/s 194 ; Perplexity 5.49
[04/21/18 16:32:55 INFO] Evaluating on the validation dataset...
[04/21/18 16:33:32 INFO] Validation perplexity: 23.25
[04/21/18 16:33:32 INFO] Saving checkpoint to '/data/kyoto-100k-model_epoch7_23.25.t7'...
[04/21/18 16:33:35 INFO] 
[04/21/18 16:40:39 INFO] Epoch 8 ; Iteration 50/532 ; Optim SGD LR 0.168070 ; Source tokens/s 185 ; Perplexity 5.34
[04/21/18 16:47:18 INFO] Epoch 8 ; Iteration 100/532 ; Optim SGD LR 0.168070 ; Source tokens/s 200 ; Perplexity 5.41
[04/21/18 16:54:13 INFO] Epoch 8 ; Iteration 150/532 ; Optim SGD LR 0.168070 ; Source tokens/s 195 ; Perplexity 5.35
[04/21/18 17:00:49 INFO] Epoch 8 ; Iteration 200/532 ; Optim SGD LR 0.168070 ; Source tokens/s 198 ; Perplexity 5.47
[04/21/18 17:07:29 INFO] Epoch 8 ; Iteration 250/532 ; Optim SGD LR 0.168070 ; Source tokens/s 202 ; Perplexity 5.45
[04/21/18 17:14:12 INFO] Epoch 8 ; Iteration 300/532 ; Optim SGD LR 0.168070 ; Source tokens/s 192 ; Perplexity 5.51
[04/21/18 17:20:56 INFO] Epoch 8 ; Iteration 350/532 ; Optim SGD LR 0.168070 ; Source tokens/s 197 ; Perplexity 5.48
[04/21/18 17:27:52 INFO] Epoch 8 ; Iteration 400/532 ; Optim SGD LR 0.168070 ; Source tokens/s 184 ; Perplexity 5.27
[04/21/18 17:34:12 INFO] Epoch 8 ; Iteration 450/532 ; Optim SGD LR 0.168070 ; Source tokens/s 190 ; Perplexity 5.43
[04/21/18 17:41:15 INFO] Epoch 8 ; Iteration 500/532 ; Optim SGD LR 0.168070 ; Source tokens/s 184 ; Perplexity 5.32
[04/21/18 17:45:04 INFO] Epoch 8 ; Iteration 532/532 ; Optim SGD LR 0.168070 ; Source tokens/s 222 ; Perplexity 5.17
[04/21/18 17:45:04 INFO] Evaluating on the validation dataset...
[04/21/18 17:45:42 INFO] Validation perplexity: 24.35
[04/21/18 17:45:42 INFO] Saving checkpoint to '/data/kyoto-100k-model_epoch8_24.35.t7'...
[04/21/18 17:45:47 INFO] 
[04/21/18 17:52:35 INFO] Epoch 9 ; Iteration 50/532 ; Optim SGD LR 0.117649 ; Source tokens/s 195 ; Perplexity 5.31
[04/21/18 17:59:02 INFO] Epoch 9 ; Iteration 100/532 ; Optim SGD LR 0.117649 ; Source tokens/s 212 ; Perplexity 5.07
[04/21/18 18:05:46 INFO] Epoch 9 ; Iteration 150/532 ; Optim SGD LR 0.117649 ; Source tokens/s 188 ; Perplexity 5.37
[04/21/18 18:12:27 INFO] Epoch 9 ; Iteration 200/532 ; Optim SGD LR 0.117649 ; Source tokens/s 197 ; Perplexity 5.26
[04/21/18 18:19:10 INFO] Epoch 9 ; Iteration 250/532 ; Optim SGD LR 0.117649 ; Source tokens/s 184 ; Perplexity 5.37
[04/21/18 18:25:27 INFO] Epoch 9 ; Iteration 300/532 ; Optim SGD LR 0.117649 ; Source tokens/s 206 ; Perplexity 5.27
[04/21/18 18:32:43 INFO] Epoch 9 ; Iteration 350/532 ; Optim SGD LR 0.117649 ; Source tokens/s 179 ; Perplexity 5.32
[04/21/18 18:39:29 INFO] Epoch 9 ; Iteration 400/532 ; Optim SGD LR 0.117649 ; Source tokens/s 190 ; Perplexity 5.41
[04/21/18 18:46:11 INFO] Epoch 9 ; Iteration 450/532 ; Optim SGD LR 0.117649 ; Source tokens/s 184 ; Perplexity 5.30
[04/21/18 18:52:21 INFO] Epoch 9 ; Iteration 500/532 ; Optim SGD LR 0.117649 ; Source tokens/s 225 ; Perplexity 5.21
[04/21/18 18:56:30 INFO] Epoch 9 ; Iteration 532/532 ; Optim SGD LR 0.117649 ; Source tokens/s 211 ; Perplexity 5.18
[04/21/18 18:56:30 INFO] Evaluating on the validation dataset...
[04/21/18 18:57:07 INFO] Validation perplexity: 25.49
[04/21/18 18:57:07 INFO] Saving checkpoint to '/data/kyoto-100k-model_epoch9_25.49.t7'...
[04/21/18 18:57:10 INFO] 
[04/21/18 19:03:53 INFO] Epoch 10 ; Iteration 50/532 ; Optim SGD LR 0.082354 ; Source tokens/s 199 ; Perplexity 5.37
[04/21/18 19:11:02 INFO] Epoch 10 ; Iteration 100/532 ; Optim SGD LR 0.082354 ; Source tokens/s 180 ; Perplexity 5.11
[04/21/18 19:17:38 INFO] Epoch 10 ; Iteration 150/532 ; Optim SGD LR 0.082354 ; Source tokens/s 178 ; Perplexity 5.26
[04/21/18 19:24:40 INFO] Epoch 10 ; Iteration 200/532 ; Optim SGD LR 0.082354 ; Source tokens/s 191 ; Perplexity 5.25
[04/21/18 19:32:24 INFO] Epoch 10 ; Iteration 250/532 ; Optim SGD LR 0.082354 ; Source tokens/s 167 ; Perplexity 5.26
[04/21/18 19:40:14 INFO] Epoch 10 ; Iteration 300/532 ; Optim SGD LR 0.082354 ; Source tokens/s 166 ; Perplexity 5.18
[04/21/18 19:47:06 INFO] Epoch 10 ; Iteration 350/532 ; Optim SGD LR 0.082354 ; Source tokens/s 195 ; Perplexity 5.16
[04/21/18 19:54:14 INFO] Epoch 10 ; Iteration 400/532 ; Optim SGD LR 0.082354 ; Source tokens/s 194 ; Perplexity 5.13
[04/21/18 20:01:24 INFO] Epoch 10 ; Iteration 450/532 ; Optim SGD LR 0.082354 ; Source tokens/s 174 ; Perplexity 5.20
[04/21/18 20:08:37 INFO] Epoch 10 ; Iteration 500/532 ; Optim SGD LR 0.082354 ; Source tokens/s 188 ; Perplexity 5.20
[04/21/18 20:13:02 INFO] Epoch 10 ; Iteration 532/532 ; Optim SGD LR 0.082354 ; Source tokens/s 187 ; Perplexity 5.08
[04/21/18 20:13:02 INFO] Evaluating on the validation dataset...
[04/21/18 20:13:37 INFO] Validation perplexity: 27.08
[04/21/18 20:13:37 INFO] Saving checkpoint to '/data/kyoto-100k-model_epoch10_27.08.t7'...
[04/21/18 20:13:40 INFO] 
[04/21/18 20:20:34 INFO] Epoch 11 ; Iteration 50/532 ; Optim SGD LR 0.057648 ; Source tokens/s 201 ; Perplexity 5.15
[04/21/18 20:28:06 INFO] Epoch 11 ; Iteration 100/532 ; Optim SGD LR 0.057648 ; Source tokens/s 184 ; Perplexity 5.19
[04/21/18 20:37:48 INFO] Epoch 11 ; Iteration 150/532 ; Optim SGD LR 0.057648 ; Source tokens/s 133 ; Perplexity 5.20
[04/21/18 20:48:09 INFO] Epoch 11 ; Iteration 200/532 ; Optim SGD LR 0.057648 ; Source tokens/s 121 ; Perplexity 5.03
[04/21/18 20:55:14 INFO] Epoch 11 ; Iteration 250/532 ; Optim SGD LR 0.057648 ; Source tokens/s 179 ; Perplexity 5.12
[04/21/18 21:01:45 INFO] Epoch 11 ; Iteration 300/532 ; Optim SGD LR 0.057648 ; Source tokens/s 191 ; Perplexity 5.16
[04/21/18 21:08:42 INFO] Epoch 11 ; Iteration 350/532 ; Optim SGD LR 0.057648 ; Source tokens/s 176 ; Perplexity 5.18
[04/21/18 21:15:33 INFO] Epoch 11 ; Iteration 400/532 ; Optim SGD LR 0.057648 ; Source tokens/s 196 ; Perplexity 5.12
[04/21/18 21:23:04 INFO] Epoch 11 ; Iteration 450/532 ; Optim SGD LR 0.057648 ; Source tokens/s 173 ; Perplexity 5.23
[04/21/18 21:30:56 INFO] Epoch 11 ; Iteration 500/532 ; Optim SGD LR 0.057648 ; Source tokens/s 172 ; Perplexity 5.08
[04/21/18 21:35:47 INFO] Epoch 11 ; Iteration 532/532 ; Optim SGD LR 0.057648 ; Source tokens/s 171 ; Perplexity 5.21
[04/21/18 21:35:47 INFO] Evaluating on the validation dataset...
[04/21/18 21:36:24 INFO] Validation perplexity: 28.87
[04/21/18 21:36:24 INFO] Saving checkpoint to '/data/kyoto-100k-model_epoch11_28.87.t7'...
[04/21/18 21:36:28 INFO] 
[04/21/18 21:43:13 INFO] Epoch 12 ; Iteration 50/532 ; Optim SGD LR 0.040354 ; Source tokens/s 195 ; Perplexity 5.14
[04/21/18 21:50:51 INFO] Epoch 12 ; Iteration 100/532 ; Optim SGD LR 0.040354 ; Source tokens/s 169 ; Perplexity 5.20
[04/21/18 21:59:17 INFO] Epoch 12 ; Iteration 150/532 ; Optim SGD LR 0.040354 ; Source tokens/s 157 ; Perplexity 5.23
[04/21/18 22:06:41 INFO] Epoch 12 ; Iteration 200/532 ; Optim SGD LR 0.040354 ; Source tokens/s 191 ; Perplexity 4.99
[04/21/18 22:14:10 INFO] Epoch 12 ; Iteration 250/532 ; Optim SGD LR 0.040354 ; Source tokens/s 172 ; Perplexity 5.03
[04/21/18 22:23:09 INFO] Epoch 12 ; Iteration 300/532 ; Optim SGD LR 0.040354 ; Source tokens/s 144 ; Perplexity 5.10
[04/21/18 22:30:34 INFO] Epoch 12 ; Iteration 350/532 ; Optim SGD LR 0.040354 ; Source tokens/s 169 ; Perplexity 5.15
[04/21/18 22:38:38 INFO] Epoch 12 ; Iteration 400/532 ; Optim SGD LR 0.040354 ; Source tokens/s 160 ; Perplexity 5.06
[04/21/18 22:47:07 INFO] Epoch 12 ; Iteration 450/532 ; Optim SGD LR 0.040354 ; Source tokens/s 148 ; Perplexity 5.07
[04/21/18 22:54:42 INFO] Epoch 12 ; Iteration 500/532 ; Optim SGD LR 0.040354 ; Source tokens/s 189 ; Perplexity 5.01
[04/21/18 23:00:09 INFO] Epoch 12 ; Iteration 532/532 ; Optim SGD LR 0.040354 ; Source tokens/s 134 ; Perplexity 5.37
[04/21/18 23:00:09 INFO] Evaluating on the validation dataset...
[04/21/18 23:00:52 INFO] Validation perplexity: 28.02
[04/21/18 23:00:52 INFO] Saving checkpoint to '/data/kyoto-100k-model_epoch12_28.02.t7'...
[04/21/18 23:00:56 INFO] 
[04/21/18 23:09:01 INFO] Epoch 13 ; Iteration 50/532 ; Optim SGD LR 0.028248 ; Source tokens/s 158 ; Perplexity 5.07
[04/21/18 23:16:04 INFO] Epoch 13 ; Iteration 100/532 ; Optim SGD LR 0.028248 ; Source tokens/s 180 ; Perplexity 5.01
[04/21/18 23:24:19 INFO] Epoch 13 ; Iteration 150/532 ; Optim SGD LR 0.028248 ; Source tokens/s 160 ; Perplexity 5.06
[04/21/18 23:32:00 INFO] Epoch 13 ; Iteration 200/532 ; Optim SGD LR 0.028248 ; Source tokens/s 167 ; Perplexity 5.08
[04/21/18 23:39:22 INFO] Epoch 13 ; Iteration 250/532 ; Optim SGD LR 0.028248 ; Source tokens/s 180 ; Perplexity 5.03
[04/21/18 23:46:30 INFO] Epoch 13 ; Iteration 300/532 ; Optim SGD LR 0.028248 ; Source tokens/s 177 ; Perplexity 5.27
[04/21/18 23:52:16 INFO] Epoch 13 ; Iteration 350/532 ; Optim SGD LR 0.028248 ; Source tokens/s 233 ; Perplexity 5.07
[04/21/18 23:58:42 INFO] Epoch 13 ; Iteration 400/532 ; Optim SGD LR 0.028248 ; Source tokens/s 200 ; Perplexity 5.17
[04/22/18 00:04:47 INFO] Epoch 13 ; Iteration 450/532 ; Optim SGD LR 0.028248 ; Source tokens/s 209 ; Perplexity 5.03
[04/22/18 00:11:13 INFO] Epoch 13 ; Iteration 500/532 ; Optim SGD LR 0.028248 ; Source tokens/s 203 ; Perplexity 5.17
[04/22/18 00:15:05 INFO] Epoch 13 ; Iteration 532/532 ; Optim SGD LR 0.028248 ; Source tokens/s 242 ; Perplexity 4.92
[04/22/18 00:15:05 INFO] Evaluating on the validation dataset...
[04/22/18 00:15:41 INFO] Validation perplexity: 28.44
[04/22/18 00:15:41 INFO] Saving checkpoint to '/data/kyoto-100k-model_epoch13_28.44.t7'...
[04/22/18 06:14:28 INFO] Training Sequence to Sequence with Attention model...
[04/22/18 06:14:28 INFO] Loading data from '/data/kyoto-train.100k-train.t7'...
[04/22/18 06:14:30 INFO]  * vocabulary size: source = 6442; target = 4713
[04/22/18 06:14:30 INFO]  * additional features: source = 0; target = 0
[04/22/18 06:14:30 INFO]  * maximum sequence length: source = 50; target = 51
[04/22/18 06:14:30 INFO]  * number of training sentences: 41966
[04/22/18 06:14:30 INFO]  * number of batches: 494
[04/22/18 06:14:30 INFO]    - source sequence lengths: equal
[04/22/18 06:14:30 INFO]    - maximum size: 160 sentences / 1800 tokens
[04/22/18 06:14:30 INFO]    - average size: 84.95
[04/22/18 06:14:30 INFO]    - capacity: 100.00%
[04/22/18 06:14:30 INFO] Building model...
[04/22/18 06:14:30 INFO]  * Encoder:
[04/22/18 06:14:30 INFO]    - word embeddings size: 500
[04/22/18 06:14:30 INFO]    - type: unidirectional RNN
[04/22/18 06:14:30 INFO]    - structure: cell = LSTM; layers = 2; rnn_size = 500; dropout = 0.3 (naive)
[04/22/18 06:14:30 INFO]  * Decoder:
[04/22/18 06:14:30 INFO]    - word embeddings size: 500
[04/22/18 06:14:30 INFO]    - attention: global (general)
[04/22/18 06:14:30 INFO]    - structure: cell = LSTM; layers = 2; rnn_size = 500; dropout = 0.3 (naive)
[04/22/18 06:14:30 INFO]  * Bridge: copy
[04/22/18 06:14:30 INFO] Initializing parameters...
[04/22/18 06:14:31 INFO]  * number of parameters: 17704713
[04/22/18 06:14:31 INFO] Preparing memory optimization...
[04/22/18 06:14:31 INFO]  * sharing 69% of output/gradInput tensors memory between clones
[04/22/18 06:14:31 INFO] Preallocating memory
[04/22/18 06:14:45 INFO] Start training from epoch 1 to 13...
[04/22/18 06:14:45 INFO] 
[04/22/18 06:19:19 INFO] Epoch 1 ; Iteration 50/494 ; Optim SGD LR 1.000000 ; Source tokens/s 278 ; Perplexity 8326.50
[04/22/18 06:24:09 INFO] Epoch 1 ; Iteration 100/494 ; Optim SGD LR 1.000000 ; Source tokens/s 274 ; Perplexity 7135.61
[04/22/18 06:29:03 INFO] Epoch 1 ; Iteration 150/494 ; Optim SGD LR 1.000000 ; Source tokens/s 272 ; Perplexity 504.15
[04/22/18 06:34:29 INFO] Epoch 1 ; Iteration 200/494 ; Optim SGD LR 1.000000 ; Source tokens/s 240 ; Perplexity 99.45
[04/22/18 06:39:30 INFO] Epoch 1 ; Iteration 250/494 ; Optim SGD LR 1.000000 ; Source tokens/s 279 ; Perplexity 45.97
[04/22/18 06:44:34 INFO] Epoch 1 ; Iteration 300/494 ; Optim SGD LR 1.000000 ; Source tokens/s 262 ; Perplexity 33.69
[04/22/18 06:49:21 INFO] Epoch 1 ; Iteration 350/494 ; Optim SGD LR 1.000000 ; Source tokens/s 269 ; Perplexity 28.04
[04/22/18 06:54:31 INFO] Epoch 1 ; Iteration 400/494 ; Optim SGD LR 1.000000 ; Source tokens/s 265 ; Perplexity 23.46
[04/22/18 06:59:43 INFO] Epoch 1 ; Iteration 450/494 ; Optim SGD LR 1.000000 ; Source tokens/s 241 ; Perplexity 21.19
[04/22/18 07:04:29 INFO] Epoch 1 ; Iteration 494/494 ; Optim SGD LR 1.000000 ; Source tokens/s 223 ; Perplexity 20.02
[04/22/18 07:04:29 INFO] Evaluating on the validation dataset...
[04/22/18 07:04:52 INFO] Validation perplexity: 32.73
[04/22/18 07:04:52 INFO] Saving checkpoint to '/data/kyoto-100k-model_epoch1_32.73.t7'...
[04/22/18 07:04:55 INFO] 
[04/22/18 07:10:15 INFO] Epoch 2 ; Iteration 50/494 ; Optim SGD LR 1.000000 ; Source tokens/s 237 ; Perplexity 18.80
[04/22/18 07:15:15 INFO] Epoch 2 ; Iteration 100/494 ; Optim SGD LR 1.000000 ; Source tokens/s 257 ; Perplexity 17.77
[04/22/18 07:20:27 INFO] Epoch 2 ; Iteration 150/494 ; Optim SGD LR 1.000000 ; Source tokens/s 266 ; Perplexity 16.98
[04/22/18 07:25:27 INFO] Epoch 2 ; Iteration 200/494 ; Optim SGD LR 1.000000 ; Source tokens/s 272 ; Perplexity 16.18
[04/22/18 07:30:40 INFO] Epoch 2 ; Iteration 250/494 ; Optim SGD LR 1.000000 ; Source tokens/s 243 ; Perplexity 15.76
[04/22/18 07:35:34 INFO] Epoch 2 ; Iteration 300/494 ; Optim SGD LR 1.000000 ; Source tokens/s 267 ; Perplexity 15.52
[04/22/18 07:40:45 INFO] Epoch 2 ; Iteration 350/494 ; Optim SGD LR 1.000000 ; Source tokens/s 260 ; Perplexity 15.14
[04/22/18 07:46:08 INFO] Epoch 2 ; Iteration 400/494 ; Optim SGD LR 1.000000 ; Source tokens/s 246 ; Perplexity 14.15
[04/22/18 07:51:16 INFO] Epoch 2 ; Iteration 450/494 ; Optim SGD LR 1.000000 ; Source tokens/s 254 ; Perplexity 14.66
[04/22/18 07:55:53 INFO] Epoch 2 ; Iteration 494/494 ; Optim SGD LR 1.000000 ; Source tokens/s 235 ; Perplexity 13.63
[04/22/18 07:55:53 INFO] Evaluating on the validation dataset...
[04/22/18 07:56:17 INFO] Validation perplexity: 19.97
[04/22/18 07:56:17 INFO] Saving checkpoint to '/data/kyoto-100k-model_epoch2_19.97.t7'...
[04/22/18 07:56:19 INFO] 
[04/22/18 08:01:08 INFO] Epoch 3 ; Iteration 50/494 ; Optim SGD LR 1.000000 ; Source tokens/s 251 ; Perplexity 13.56
[04/22/18 08:05:44 INFO] Epoch 3 ; Iteration 100/494 ; Optim SGD LR 1.000000 ; Source tokens/s 273 ; Perplexity 13.73
[04/22/18 08:11:07 INFO] Epoch 3 ; Iteration 150/494 ; Optim SGD LR 1.000000 ; Source tokens/s 258 ; Perplexity 12.94
[04/22/18 08:16:41 INFO] Epoch 3 ; Iteration 200/494 ; Optim SGD LR 1.000000 ; Source tokens/s 235 ; Perplexity 12.60
[04/22/18 08:21:58 INFO] Epoch 3 ; Iteration 250/494 ; Optim SGD LR 1.000000 ; Source tokens/s 261 ; Perplexity 12.84
[04/22/18 08:27:15 INFO] Epoch 3 ; Iteration 300/494 ; Optim SGD LR 1.000000 ; Source tokens/s 262 ; Perplexity 13.00
[04/22/18 08:32:36 INFO] Epoch 3 ; Iteration 350/494 ; Optim SGD LR 1.000000 ; Source tokens/s 259 ; Perplexity 12.22
[04/22/18 08:37:44 INFO] Epoch 3 ; Iteration 400/494 ; Optim SGD LR 1.000000 ; Source tokens/s 233 ; Perplexity 12.66
[04/22/18 08:43:01 INFO] Epoch 3 ; Iteration 450/494 ; Optim SGD LR 1.000000 ; Source tokens/s 253 ; Perplexity 12.33
[04/22/18 08:48:21 INFO] Epoch 3 ; Iteration 494/494 ; Optim SGD LR 1.000000 ; Source tokens/s 203 ; Perplexity 11.79
[04/22/18 08:48:21 INFO] Evaluating on the validation dataset...
[04/22/18 08:48:51 INFO] Validation perplexity: 18.33
[04/22/18 08:48:51 INFO] Saving checkpoint to '/data/kyoto-100k-model_epoch3_18.33.t7'...
[04/22/18 08:48:52 INFO] 
[04/22/18 08:55:20 INFO] Epoch 4 ; Iteration 50/494 ; Optim SGD LR 1.000000 ; Source tokens/s 210 ; Perplexity 12.19
[04/22/18 09:01:49 INFO] Epoch 4 ; Iteration 100/494 ; Optim SGD LR 1.000000 ; Source tokens/s 212 ; Perplexity 11.93
[04/22/18 09:07:14 INFO] Epoch 4 ; Iteration 150/494 ; Optim SGD LR 1.000000 ; Source tokens/s 241 ; Perplexity 11.37
[04/22/18 09:13:07 INFO] Epoch 4 ; Iteration 200/494 ; Optim SGD LR 1.000000 ; Source tokens/s 233 ; Perplexity 11.36
[04/22/18 09:18:32 INFO] Epoch 4 ; Iteration 250/494 ; Optim SGD LR 1.000000 ; Source tokens/s 223 ; Perplexity 11.11
[04/22/18 09:24:20 INFO] Epoch 4 ; Iteration 300/494 ; Optim SGD LR 1.000000 ; Source tokens/s 217 ; Perplexity 11.13
[04/22/18 09:29:41 INFO] Epoch 4 ; Iteration 350/494 ; Optim SGD LR 1.000000 ; Source tokens/s 237 ; Perplexity 11.35
[04/22/18 09:34:51 INFO] Epoch 4 ; Iteration 400/494 ; Optim SGD LR 1.000000 ; Source tokens/s 252 ; Perplexity 10.87
[04/22/18 09:39:47 INFO] Epoch 4 ; Iteration 450/494 ; Optim SGD LR 1.000000 ; Source tokens/s 270 ; Perplexity 10.97
[04/22/18 09:44:54 INFO] Epoch 4 ; Iteration 494/494 ; Optim SGD LR 1.000000 ; Source tokens/s 226 ; Perplexity 10.91
[04/22/18 09:44:54 INFO] Evaluating on the validation dataset...
[04/22/18 09:45:20 INFO] Validation perplexity: 16.17
[04/22/18 09:45:20 INFO] Saving checkpoint to '/data/kyoto-100k-model_epoch4_16.17.t7'...
[04/22/18 09:45:23 INFO] 
[04/22/18 09:50:33 INFO] Epoch 5 ; Iteration 50/494 ; Optim SGD LR 1.000000 ; Source tokens/s 259 ; Perplexity 10.47
[04/22/18 09:56:27 INFO] Epoch 5 ; Iteration 100/494 ; Optim SGD LR 1.000000 ; Source tokens/s 220 ; Perplexity 10.38
[04/22/18 10:01:37 INFO] Epoch 5 ; Iteration 150/494 ; Optim SGD LR 1.000000 ; Source tokens/s 251 ; Perplexity 10.72
[04/22/18 10:07:43 INFO] Epoch 5 ; Iteration 200/494 ; Optim SGD LR 1.000000 ; Source tokens/s 204 ; Perplexity 10.50
[04/22/18 10:14:33 INFO] Epoch 5 ; Iteration 250/494 ; Optim SGD LR 1.000000 ; Source tokens/s 193 ; Perplexity 10.32
[04/22/18 10:21:10 INFO] Epoch 5 ; Iteration 300/494 ; Optim SGD LR 1.000000 ; Source tokens/s 197 ; Perplexity 10.23
[04/22/18 10:27:50 INFO] Epoch 5 ; Iteration 350/494 ; Optim SGD LR 1.000000 ; Source tokens/s 205 ; Perplexity 10.13
[04/22/18 10:34:23 INFO] Epoch 5 ; Iteration 400/494 ; Optim SGD LR 1.000000 ; Source tokens/s 192 ; Perplexity 10.47
[04/22/18 10:41:27 INFO] Epoch 5 ; Iteration 450/494 ; Optim SGD LR 1.000000 ; Source tokens/s 191 ; Perplexity 10.30
[04/22/18 10:46:15 INFO] Epoch 5 ; Iteration 494/494 ; Optim SGD LR 1.000000 ; Source tokens/s 241 ; Perplexity 9.95
[04/22/18 10:46:15 INFO] Evaluating on the validation dataset...
[04/22/18 10:46:40 INFO] Validation perplexity: 15.85
[04/22/18 10:46:40 INFO] Saving checkpoint to '/data/kyoto-100k-model_epoch5_15.85.t7'...
[04/22/18 10:46:41 INFO] 
[04/22/18 10:51:45 INFO] Epoch 6 ; Iteration 50/494 ; Optim SGD LR 1.000000 ; Source tokens/s 271 ; Perplexity 10.16
[04/22/18 10:56:42 INFO] Epoch 6 ; Iteration 100/494 ; Optim SGD LR 1.000000 ; Source tokens/s 272 ; Perplexity 9.47
[04/22/18 11:01:39 INFO] Epoch 6 ; Iteration 150/494 ; Optim SGD LR 1.000000 ; Source tokens/s 274 ; Perplexity 9.97
[04/22/18 11:07:05 INFO] Epoch 6 ; Iteration 200/494 ; Optim SGD LR 1.000000 ; Source tokens/s 235 ; Perplexity 9.67
[04/22/18 11:12:21 INFO] Epoch 6 ; Iteration 250/494 ; Optim SGD LR 1.000000 ; Source tokens/s 259 ; Perplexity 9.67
[04/22/18 11:17:18 INFO] Epoch 6 ; Iteration 300/494 ; Optim SGD LR 1.000000 ; Source tokens/s 252 ; Perplexity 9.65
[04/22/18 11:22:09 INFO] Epoch 6 ; Iteration 350/494 ; Optim SGD LR 1.000000 ; Source tokens/s 258 ; Perplexity 9.63
[04/22/18 11:27:09 INFO] Epoch 6 ; Iteration 400/494 ; Optim SGD LR 1.000000 ; Source tokens/s 260 ; Perplexity 9.54
[04/22/18 11:32:23 INFO] Epoch 6 ; Iteration 450/494 ; Optim SGD LR 1.000000 ; Source tokens/s 246 ; Perplexity 9.78
[04/22/18 11:37:06 INFO] Epoch 6 ; Iteration 494/494 ; Optim SGD LR 1.000000 ; Source tokens/s 239 ; Perplexity 9.61
[04/22/18 11:37:06 INFO] Evaluating on the validation dataset...
[04/22/18 11:37:32 INFO] Validation perplexity: 12.83
[04/22/18 11:37:32 INFO] Saving checkpoint to '/data/kyoto-100k-model_epoch6_12.83.t7'...
[04/22/18 11:37:34 INFO] 
[04/22/18 11:43:10 INFO] Epoch 7 ; Iteration 50/494 ; Optim SGD LR 1.000000 ; Source tokens/s 222 ; Perplexity 9.32
[04/22/18 11:48:42 INFO] Epoch 7 ; Iteration 100/494 ; Optim SGD LR 1.000000 ; Source tokens/s 235 ; Perplexity 9.04
[04/22/18 11:54:09 INFO] Epoch 7 ; Iteration 150/494 ; Optim SGD LR 1.000000 ; Source tokens/s 245 ; Perplexity 9.30
[04/22/18 11:59:51 INFO] Epoch 7 ; Iteration 200/494 ; Optim SGD LR 1.000000 ; Source tokens/s 249 ; Perplexity 9.26
[04/22/18 12:05:40 INFO] Epoch 7 ; Iteration 250/494 ; Optim SGD LR 1.000000 ; Source tokens/s 207 ; Perplexity 8.98
[04/22/18 12:11:07 INFO] Epoch 7 ; Iteration 300/494 ; Optim SGD LR 1.000000 ; Source tokens/s 233 ; Perplexity 9.03
[04/22/18 12:16:29 INFO] Epoch 7 ; Iteration 350/494 ; Optim SGD LR 1.000000 ; Source tokens/s 254 ; Perplexity 8.94
[04/22/18 12:21:51 INFO] Epoch 7 ; Iteration 400/494 ; Optim SGD LR 1.000000 ; Source tokens/s 247 ; Perplexity 8.85
[04/22/18 12:27:55 INFO] Epoch 7 ; Iteration 450/494 ; Optim SGD LR 1.000000 ; Source tokens/s 210 ; Perplexity 9.12
[04/22/18 12:33:04 INFO] Epoch 7 ; Iteration 494/494 ; Optim SGD LR 1.000000 ; Source tokens/s 233 ; Perplexity 8.61
[04/22/18 12:33:04 INFO] Evaluating on the validation dataset...
[04/22/18 12:33:33 INFO] Validation perplexity: 14.19
[04/22/18 12:33:33 INFO] Saving checkpoint to '/data/kyoto-100k-model_epoch7_14.19.t7'...
[04/22/18 12:33:35 INFO] 
[04/22/18 12:38:59 INFO] Epoch 8 ; Iteration 50/494 ; Optim SGD LR 0.700000 ; Source tokens/s 231 ; Perplexity 7.52
[04/22/18 12:44:45 INFO] Epoch 8 ; Iteration 100/494 ; Optim SGD LR 0.700000 ; Source tokens/s 234 ; Perplexity 7.10
[04/22/18 12:50:28 INFO] Epoch 8 ; Iteration 150/494 ; Optim SGD LR 0.700000 ; Source tokens/s 234 ; Perplexity 7.24
[04/22/18 12:55:40 INFO] Epoch 8 ; Iteration 200/494 ; Optim SGD LR 0.700000 ; Source tokens/s 254 ; Perplexity 6.96
[04/22/18 13:01:17 INFO] Epoch 8 ; Iteration 250/494 ; Optim SGD LR 0.700000 ; Source tokens/s 251 ; Perplexity 7.03
[04/22/18 13:06:56 INFO] Epoch 8 ; Iteration 300/494 ; Optim SGD LR 0.700000 ; Source tokens/s 230 ; Perplexity 7.15
[04/22/18 13:13:00 INFO] Epoch 8 ; Iteration 350/494 ; Optim SGD LR 0.700000 ; Source tokens/s 218 ; Perplexity 7.24
[04/22/18 13:18:20 INFO] Epoch 8 ; Iteration 400/494 ; Optim SGD LR 0.700000 ; Source tokens/s 244 ; Perplexity 7.07
[04/22/18 13:24:15 INFO] Epoch 8 ; Iteration 450/494 ; Optim SGD LR 0.700000 ; Source tokens/s 205 ; Perplexity 7.19
[04/22/18 13:29:06 INFO] Epoch 8 ; Iteration 494/494 ; Optim SGD LR 0.700000 ; Source tokens/s 231 ; Perplexity 7.12
[04/22/18 13:29:06 INFO] Evaluating on the validation dataset...
[04/22/18 13:29:35 INFO] Validation perplexity: 10.34
[04/22/18 13:29:35 INFO] Saving checkpoint to '/data/kyoto-100k-model_epoch8_10.34.t7'...
[04/22/18 13:29:38 INFO] 
[04/22/18 13:35:42 INFO] Epoch 9 ; Iteration 50/494 ; Optim SGD LR 0.490000 ; Source tokens/s 226 ; Perplexity 6.16
[04/22/18 13:41:02 INFO] Epoch 9 ; Iteration 100/494 ; Optim SGD LR 0.490000 ; Source tokens/s 246 ; Perplexity 6.23
[04/22/18 13:46:38 INFO] Epoch 9 ; Iteration 150/494 ; Optim SGD LR 0.490000 ; Source tokens/s 233 ; Perplexity 6.35
[04/22/18 13:52:03 INFO] Epoch 9 ; Iteration 200/494 ; Optim SGD LR 0.490000 ; Source tokens/s 234 ; Perplexity 6.05
[04/22/18 13:57:33 INFO] Epoch 9 ; Iteration 250/494 ; Optim SGD LR 0.490000 ; Source tokens/s 246 ; Perplexity 6.18
[04/22/18 14:03:24 INFO] Epoch 9 ; Iteration 300/494 ; Optim SGD LR 0.490000 ; Source tokens/s 224 ; Perplexity 6.13
[04/22/18 14:09:08 INFO] Epoch 9 ; Iteration 350/494 ; Optim SGD LR 0.490000 ; Source tokens/s 239 ; Perplexity 6.27
[04/22/18 14:14:39 INFO] Epoch 9 ; Iteration 400/494 ; Optim SGD LR 0.490000 ; Source tokens/s 229 ; Perplexity 6.23
[04/22/18 14:20:18 INFO] Epoch 9 ; Iteration 450/494 ; Optim SGD LR 0.490000 ; Source tokens/s 228 ; Perplexity 6.05
[04/22/18 14:25:04 INFO] Epoch 9 ; Iteration 494/494 ; Optim SGD LR 0.490000 ; Source tokens/s 229 ; Perplexity 6.20
[04/22/18 14:25:04 INFO] Evaluating on the validation dataset...
[04/22/18 14:25:33 INFO] Validation perplexity: 9.09
[04/22/18 14:25:33 INFO] Saving checkpoint to '/data/kyoto-100k-model_epoch9_9.09.t7'...
[04/22/18 14:25:34 INFO] 
[04/22/18 14:30:58 INFO] Epoch 10 ; Iteration 50/494 ; Optim SGD LR 0.343000 ; Source tokens/s 243 ; Perplexity 5.83
[04/22/18 14:36:27 INFO] Epoch 10 ; Iteration 100/494 ; Optim SGD LR 0.343000 ; Source tokens/s 244 ; Perplexity 5.73
[04/22/18 14:41:58 INFO] Epoch 10 ; Iteration 150/494 ; Optim SGD LR 0.343000 ; Source tokens/s 244 ; Perplexity 5.56
[04/22/18 14:47:51 INFO] Epoch 10 ; Iteration 200/494 ; Optim SGD LR 0.343000 ; Source tokens/s 213 ; Perplexity 5.80
[04/22/18 14:53:29 INFO] Epoch 10 ; Iteration 250/494 ; Optim SGD LR 0.343000 ; Source tokens/s 219 ; Perplexity 5.61
[04/22/18 14:59:15 INFO] Epoch 10 ; Iteration 300/494 ; Optim SGD LR 0.343000 ; Source tokens/s 227 ; Perplexity 5.65
[04/22/18 15:04:57 INFO] Epoch 10 ; Iteration 350/494 ; Optim SGD LR 0.343000 ; Source tokens/s 236 ; Perplexity 5.62
[04/22/18 15:10:36 INFO] Epoch 10 ; Iteration 400/494 ; Optim SGD LR 0.343000 ; Source tokens/s 230 ; Perplexity 5.74
[04/22/18 15:16:16 INFO] Epoch 10 ; Iteration 450/494 ; Optim SGD LR 0.343000 ; Source tokens/s 246 ; Perplexity 5.63
[04/22/18 15:21:04 INFO] Epoch 10 ; Iteration 494/494 ; Optim SGD LR 0.343000 ; Source tokens/s 225 ; Perplexity 5.65
[04/22/18 15:21:04 INFO] Evaluating on the validation dataset...
[04/22/18 15:21:33 INFO] Validation perplexity: 8.16
[04/22/18 15:21:33 INFO] Saving checkpoint to '/data/kyoto-100k-model_epoch10_8.16.t7'...
[04/22/18 15:21:36 INFO] 
[04/22/18 15:26:56 INFO] Epoch 11 ; Iteration 50/494 ; Optim SGD LR 0.240100 ; Source tokens/s 254 ; Perplexity 5.31
[04/22/18 15:32:42 INFO] Epoch 11 ; Iteration 100/494 ; Optim SGD LR 0.240100 ; Source tokens/s 227 ; Perplexity 5.51
[04/22/18 15:38:18 INFO] Epoch 11 ; Iteration 150/494 ; Optim SGD LR 0.240100 ; Source tokens/s 237 ; Perplexity 5.43
[04/22/18 15:43:57 INFO] Epoch 11 ; Iteration 200/494 ; Optim SGD LR 0.240100 ; Source tokens/s 234 ; Perplexity 5.44
[04/22/18 15:49:57 INFO] Epoch 11 ; Iteration 250/494 ; Optim SGD LR 0.240100 ; Source tokens/s 225 ; Perplexity 5.48
[04/22/18 15:55:43 INFO] Epoch 11 ; Iteration 300/494 ; Optim SGD LR 0.240100 ; Source tokens/s 225 ; Perplexity 5.55
[04/22/18 16:01:04 INFO] Epoch 11 ; Iteration 350/494 ; Optim SGD LR 0.240100 ; Source tokens/s 236 ; Perplexity 5.40
[04/22/18 16:06:28 INFO] Epoch 11 ; Iteration 400/494 ; Optim SGD LR 0.240100 ; Source tokens/s 259 ; Perplexity 5.35
[04/22/18 16:12:04 INFO] Epoch 11 ; Iteration 450/494 ; Optim SGD LR 0.240100 ; Source tokens/s 226 ; Perplexity 5.49
[04/22/18 16:16:55 INFO] Epoch 11 ; Iteration 494/494 ; Optim SGD LR 0.240100 ; Source tokens/s 214 ; Perplexity 5.60
[04/22/18 16:16:55 INFO] Evaluating on the validation dataset...
[04/22/18 16:17:22 INFO] Validation perplexity: 8.03
[04/22/18 16:17:22 INFO] Saving checkpoint to '/data/kyoto-100k-model_epoch11_8.03.t7'...
[04/22/18 16:17:25 INFO] 
[04/22/18 16:22:28 INFO] Epoch 12 ; Iteration 50/494 ; Optim SGD LR 0.168070 ; Source tokens/s 263 ; Perplexity 5.16
[04/22/18 16:28:15 INFO] Epoch 12 ; Iteration 100/494 ; Optim SGD LR 0.168070 ; Source tokens/s 228 ; Perplexity 5.28
[04/22/18 16:33:57 INFO] Epoch 12 ; Iteration 150/494 ; Optim SGD LR 0.168070 ; Source tokens/s 238 ; Perplexity 5.28
[04/22/18 16:39:40 INFO] Epoch 12 ; Iteration 200/494 ; Optim SGD LR 0.168070 ; Source tokens/s 233 ; Perplexity 5.29
[04/22/18 16:45:32 INFO] Epoch 12 ; Iteration 250/494 ; Optim SGD LR 0.168070 ; Source tokens/s 204 ; Perplexity 5.44
[04/22/18 16:51:05 INFO] Epoch 12 ; Iteration 300/494 ; Optim SGD LR 0.168070 ; Source tokens/s 226 ; Perplexity 5.28
[04/22/18 16:56:31 INFO] Epoch 12 ; Iteration 350/494 ; Optim SGD LR 0.168070 ; Source tokens/s 244 ; Perplexity 5.35
[04/22/18 17:02:10 INFO] Epoch 12 ; Iteration 400/494 ; Optim SGD LR 0.168070 ; Source tokens/s 240 ; Perplexity 5.36
[04/22/18 17:07:33 INFO] Epoch 12 ; Iteration 450/494 ; Optim SGD LR 0.168070 ; Source tokens/s 237 ; Perplexity 5.36
[04/22/18 17:12:24 INFO] Epoch 12 ; Iteration 494/494 ; Optim SGD LR 0.168070 ; Source tokens/s 246 ; Perplexity 5.24
[04/22/18 17:12:24 INFO] Evaluating on the validation dataset...
[04/22/18 17:12:50 INFO] Validation perplexity: 7.99
[04/22/18 17:12:50 INFO] Saving checkpoint to '/data/kyoto-100k-model_epoch12_7.99.t7'...
[04/22/18 17:12:54 INFO] 
[04/22/18 17:18:23 INFO] Epoch 13 ; Iteration 50/494 ; Optim SGD LR 0.117649 ; Source tokens/s 247 ; Perplexity 5.15
[04/22/18 17:23:46 INFO] Epoch 13 ; Iteration 100/494 ; Optim SGD LR 0.117649 ; Source tokens/s 231 ; Perplexity 5.17
[04/22/18 17:29:09 INFO] Epoch 13 ; Iteration 150/494 ; Optim SGD LR 0.117649 ; Source tokens/s 232 ; Perplexity 5.21
[04/22/18 17:34:35 INFO] Epoch 13 ; Iteration 200/494 ; Optim SGD LR 0.117649 ; Source tokens/s 254 ; Perplexity 5.09
[04/22/18 17:40:23 INFO] Epoch 13 ; Iteration 250/494 ; Optim SGD LR 0.117649 ; Source tokens/s 206 ; Perplexity 5.48
[04/22/18 17:45:45 INFO] Epoch 13 ; Iteration 300/494 ; Optim SGD LR 0.117649 ; Source tokens/s 239 ; Perplexity 5.21
[04/22/18 17:51:39 INFO] Epoch 13 ; Iteration 350/494 ; Optim SGD LR 0.117649 ; Source tokens/s 216 ; Perplexity 5.27
[04/22/18 17:57:11 INFO] Epoch 13 ; Iteration 400/494 ; Optim SGD LR 0.117649 ; Source tokens/s 245 ; Perplexity 5.19
[04/22/18 18:02:43 INFO] Epoch 13 ; Iteration 450/494 ; Optim SGD LR 0.117649 ; Source tokens/s 251 ; Perplexity 5.15
[04/22/18 18:07:51 INFO] Epoch 13 ; Iteration 494/494 ; Optim SGD LR 0.117649 ; Source tokens/s 234 ; Perplexity 5.07
[04/22/18 18:07:51 INFO] Evaluating on the validation dataset...
[04/22/18 18:08:18 INFO] Validation perplexity: 7.91
[04/22/18 18:08:18 INFO] Saving checkpoint to '/data/kyoto-100k-model_epoch13_7.91.t7'...
